<?xml version="1.0" encoding="UTF-8"?>
<testsuite xmlns:xsi="http://www.w3.org/2001/XMLSchema-instance" xsi:noNamespaceSchemaLocation="https://maven.apache.org/surefire/maven-surefire-plugin/xsd/surefire-test-report-3.0.xsd" version="3.0" name="eql.libreplan.LibreplanTest" time="3.072" tests="2" errors="0" skipped="0" failures="0">
  <properties>
[...]
</properties>
  <testcase name="test1" classname="eql.libreplan.LibreplanTest" time="2.71">
    <system-out><![CDATA[SoapUI 5.4.0 TestCase Runner
13:22:31,131 WARN  [SoapUI] Missing folder [C:\Users\formation\Documents\Projet_Libreplan_Logicaldoc\libreplan\ext] for external libraries
13:22:31,294 INFO  [DefaultSoapUICore] initialized soapui-settings from [C:\Users\formation\soapui-settings.xml]
13:22:32,494 INFO  [PluginManager] 0 plugins loaded in 1 ms
13:22:32,494 INFO  [DefaultSoapUICore] All plugins loaded
13:22:33,336 INFO  [WsdlProject] Loaded project from [file:/C:/Users/formation/Documents/Projet_Libreplan_Logicaldoc/libreplan/src/test/resources/UPDATED_LIBREPLAN-RESOURCES-TEST-soapui-project.xml]
13:22:33,339 INFO  [SoapUITestCaseRunner] Running SoapUI tests in project [LIBREPLAN_RESOURCES_TEST]
13:22:33,340 INFO  [SoapUITestCaseRunner] Running Project [LIBREPLAN_RESOURCES_TEST], runType = SEQUENTIAL
13:22:33,351 INFO  [SoapUITestCaseRunner] Running SoapUI testcase [POST Worker]
13:22:33,355 INFO  [SoapUITestCaseRunner] running step [POST WORKER]
13:22:33,446 DEBUG [HttpClientSupport$SoapUIHttpClient] Attempt 1 to execute request
13:22:33,446 DEBUG [SoapUIMultiThreadedHttpConnectionManager$SoapUIDefaultClientConnection] Sending request: POST /libreplan/ws/rest/resources HTTP/1.1
13:22:33,511 DEBUG [SoapUIMultiThreadedHttpConnectionManager$SoapUIDefaultClientConnection] Receiving response: HTTP/1.1 200 OK
13:22:33,513 DEBUG [HttpClientSupport$SoapUIHttpClient] Connection can be kept alive indefinitely
13:22:33,532 INFO  [SoapUITestCaseRunner] Assertion [Valid HTTP Status Codes] has status VALID
13:22:33,532 INFO  [SoapUITestCaseRunner] Assertion [Not Contains] has status VALID
13:22:33,532 INFO  [SoapUITestCaseRunner] Assertion [Contains] has status VALID
13:22:33,533 INFO  [SoapUITestCaseRunner] Finished running SoapUI testcase [POST Worker], time taken: 111ms, status: FINISHED
13:22:33,534 INFO  [SoapUITestCaseRunner] Running SoapUI testcase [POST Machine]
13:22:33,534 INFO  [SoapUITestCaseRunner] running step [POST MACHINE]
13:22:33,535 DEBUG [HttpClientSupport$SoapUIHttpClient] Stale connection check
13:22:33,541 DEBUG [HttpClientSupport$SoapUIHttpClient] Attempt 1 to execute request
13:22:33,541 DEBUG [SoapUIMultiThreadedHttpConnectionManager$SoapUIDefaultClientConnection] Sending request: POST /libreplan/ws/rest/resources HTTP/1.1
13:22:33,569 DEBUG [SoapUIMultiThreadedHttpConnectionManager$SoapUIDefaultClientConnection] Receiving response: HTTP/1.1 200 OK
13:22:33,569 DEBUG [HttpClientSupport$SoapUIHttpClient] Connection can be kept alive indefinitely
13:22:33,571 INFO  [SoapUITestCaseRunner] Assertion [Valid HTTP Status Codes] has status VALID
13:22:33,571 INFO  [SoapUITestCaseRunner] Assertion [Contains] has status VALID
13:22:33,571 INFO  [SoapUITestCaseRunner] Assertion [Not Contains] has status VALID
13:22:33,571 INFO  [SoapUITestCaseRunner] Finished running SoapUI testcase [POST Machine], time taken: 34ms, status: FINISHED
13:22:33,572 INFO  [SoapUITestCaseRunner] Running SoapUI testcase [POST Worker (Update)]
13:22:33,572 INFO  [SoapUITestCaseRunner] running step [POST EXISTING WORKER (UPDATE)]
13:22:33,572 DEBUG [HttpClientSupport$SoapUIHttpClient] Stale connection check
13:22:33,589 DEBUG [HttpClientSupport$SoapUIHttpClient] Attempt 1 to execute request
13:22:33,589 DEBUG [SoapUIMultiThreadedHttpConnectionManager$SoapUIDefaultClientConnection] Sending request: POST /libreplan/ws/rest/resources HTTP/1.1
13:22:33,622 DEBUG [SoapUIMultiThreadedHttpConnectionManager$SoapUIDefaultClientConnection] Receiving response: HTTP/1.1 200 OK
13:22:33,622 DEBUG [HttpClientSupport$SoapUIHttpClient] Connection can be kept alive indefinitely
13:22:33,624 INFO  [SoapUITestCaseRunner] Assertion [Valid HTTP Status Codes] has status VALID
13:22:33,624 INFO  [SoapUITestCaseRunner] Assertion [Not Contains] has status VALID
13:22:33,624 INFO  [SoapUITestCaseRunner] Assertion [Contains] has status VALID
13:22:33,624 INFO  [SoapUITestCaseRunner] Finished running SoapUI testcase [POST Worker (Update)], time taken: 49ms, status: FINISHED
13:22:33,625 INFO  [SoapUITestCaseRunner] Running SoapUI testcase [GET All Resources]
13:22:33,625 INFO  [SoapUITestCaseRunner] running step [GET ALL RESOURCES]
13:22:33,630 DEBUG [HttpClientSupport$SoapUIHttpClient] Stale connection check
13:22:33,637 DEBUG [HttpClientSupport$SoapUIHttpClient] Attempt 1 to execute request
13:22:33,637 DEBUG [SoapUIMultiThreadedHttpConnectionManager$SoapUIDefaultClientConnection] Sending request: GET /libreplan/ws/rest/resources/ HTTP/1.1
13:22:33,654 DEBUG [SoapUIMultiThreadedHttpConnectionManager$SoapUIDefaultClientConnection] Receiving response: HTTP/1.1 200 OK
13:22:33,654 DEBUG [HttpClientSupport$SoapUIHttpClient] Connection can be kept alive indefinitely
13:22:33,658 INFO  [SoapUITestCaseRunner] Assertion [Valid HTTP Status Codes] has status VALID
13:22:33,658 INFO  [SoapUITestCaseRunner] Assertion [Contains] has status VALID
13:22:33,658 INFO  [SoapUITestCaseRunner] Assertion [Contains Machine] has status VALID
13:22:33,658 INFO  [SoapUITestCaseRunner] Finished running SoapUI testcase [GET All Resources], time taken: 24ms, status: FINISHED
13:22:33,659 INFO  [SoapUITestCaseRunner] Running SoapUI testcase [GET Worker]
13:22:33,659 INFO  [SoapUITestCaseRunner] running step [GET A WORKER]
13:22:33,660 DEBUG [HttpClientSupport$SoapUIHttpClient] Stale connection check
13:22:33,668 DEBUG [HttpClientSupport$SoapUIHttpClient] Attempt 1 to execute request
13:22:33,668 DEBUG [SoapUIMultiThreadedHttpConnectionManager$SoapUIDefaultClientConnection] Sending request: GET /libreplan/ws/rest/resources/WORKER0050 HTTP/1.1
13:22:33,681 DEBUG [SoapUIMultiThreadedHttpConnectionManager$SoapUIDefaultClientConnection] Receiving response: HTTP/1.1 200 OK
13:22:33,681 DEBUG [HttpClientSupport$SoapUIHttpClient] Connection can be kept alive indefinitely
13:22:33,684 INFO  [SoapUITestCaseRunner] Assertion [Valid HTTP Status Codes] has status VALID
13:22:33,684 INFO  [SoapUITestCaseRunner] Assertion [Contains] has status VALID
13:22:33,684 INFO  [SoapUITestCaseRunner] Finished running SoapUI testcase [GET Worker], time taken: 21ms, status: FINISHED
13:22:33,685 INFO  [SoapUITestCaseRunner] Running SoapUI testcase [GET Non-Existing Machine (NP)]
13:22:33,685 INFO  [SoapUITestCaseRunner] running step [GET A NON-EXISTING MACHINE (NP)]
13:22:33,686 DEBUG [HttpClientSupport$SoapUIHttpClient] Stale connection check
13:22:33,699 DEBUG [HttpClientSupport$SoapUIHttpClient] Attempt 1 to execute request
13:22:33,699 DEBUG [SoapUIMultiThreadedHttpConnectionManager$SoapUIDefaultClientConnection] Sending request: GET /libreplan/ws/rest/resources/VOID_MACHINE HTTP/1.1
13:22:33,708 DEBUG [SoapUIMultiThreadedHttpConnectionManager$SoapUIDefaultClientConnection] Receiving response: HTTP/1.1 404 Introuvable
13:22:33,708 DEBUG [HttpClientSupport$SoapUIHttpClient] Connection can be kept alive indefinitely
13:22:33,709 INFO  [SoapUITestCaseRunner] Assertion [Valid HTTP Status Codes] has status VALID
13:22:33,709 INFO  [SoapUITestCaseRunner] Finished running SoapUI testcase [GET Non-Existing Machine (NP)], time taken: 22ms, status: FINISHED
13:22:33,710 INFO  [SoapUITestCaseRunner] Running SoapUI testcase [DELETE Worker (NP)]
13:22:33,710 INFO  [SoapUITestCaseRunner] running step [DELETE A WORKER (NP)]
13:22:33,712 DEBUG [HttpClientSupport$SoapUIHttpClient] Stale connection check
13:22:33,715 DEBUG [HttpClientSupport$SoapUIHttpClient] Attempt 1 to execute request
13:22:33,715 DEBUG [SoapUIMultiThreadedHttpConnectionManager$SoapUIDefaultClientConnection] Sending request: DELETE /libreplan/ws/rest/resources/WORKER0050 HTTP/1.1
13:22:33,724 DEBUG [SoapUIMultiThreadedHttpConnectionManager$SoapUIDefaultClientConnection] Receiving response: HTTP/1.1 500 Erreur Interne de Servlet
13:22:33,726 DEBUG [SoapUIMultiThreadedHttpConnectionManager$SoapUIDefaultClientConnection] Connection shut down
13:22:33,729 INFO  [SoapUITestCaseRunner] Assertion [Valid HTTP Status Codes] has status VALID
13:22:33,729 INFO  [SoapUITestCaseRunner] Assertion [Contains] has status VALID
13:22:33,729 INFO  [SoapUITestCaseRunner] Assertion [Contains - Error Tag] has status VALID
13:22:33,729 INFO  [SoapUITestCaseRunner] Finished running SoapUI testcase [DELETE Worker (NP)], time taken: 13ms, status: FINISHED
13:22:33,730 INFO  [SoapUITestCaseRunner] Project [LIBREPLAN_RESOURCES_TEST] finished with status [FINISHED] in 387ms
]]></system-out>
    <system-err><![CDATA[SLF4J: Class path contains multiple SLF4J bindings.
SLF4J: Found binding in [jar:file:/C:/Users/formation/.m2/repository/org/apache/logging/log4j/log4j-slf4j-impl/2.14.1/log4j-slf4j-impl-2.14.1.jar!/org/slf4j/impl/StaticLoggerBinder.class]
SLF4J: Found binding in [jar:file:/C:/Installation/SmartBear/SoapUI-5.4.0/lib/slf4j-log4j12-1.6.4.jar!/org/slf4j/impl/StaticLoggerBinder.class]
SLF4J: See http://www.slf4j.org/codes.html#multiple_bindings for an explanation.
SLF4J: Actual binding is of type [org.apache.logging.slf4j.Log4jLoggerFactory]
]]></system-err>
  </testcase>
  <testcase name="test2" classname="eql.libreplan.LibreplanTest" time="0.357">
    <system-out><![CDATA[SoapUI 5.4.0 TestCase Runner
13:22:33,747 INFO  [WsdlProject] Loaded project from [file:/C:/Users/formation/Documents/Projet_Libreplan_Logicaldoc/libreplan/src/test/resources/UPDATED_Libreplan-Projet-soapui-project.xml]
13:22:33,748 INFO  [SoapUITestCaseRunner] Running SoapUI tests in project [Libreplan Global]
13:22:33,748 INFO  [SoapUITestCaseRunner] Running Project [Libreplan Global], runType = SEQUENTIAL
13:22:33,749 INFO  [SoapUITestCaseRunner] Running SoapUI testcase [TestCase Project]
13:22:33,749 INFO  [SoapUITestCaseRunner] running step [PostProject - Request 1]
13:22:33,751 DEBUG [HttpClientSupport$SoapUIHttpClient] Attempt 1 to execute request
13:22:33,751 DEBUG [SoapUIMultiThreadedHttpConnectionManager$SoapUIDefaultClientConnection] Sending request: POST /libreplan/ws/rest/orderelements/ HTTP/1.1
13:22:33,794 DEBUG [SoapUIMultiThreadedHttpConnectionManager$SoapUIDefaultClientConnection] Receiving response: HTTP/1.1 200 OK
13:22:33,795 DEBUG [HttpClientSupport$SoapUIHttpClient] Connection can be kept alive indefinitely
13:22:33,797 INFO  [SoapUITestCaseRunner] Assertion [Contains] has status VALID
13:22:33,797 INFO  [SoapUITestCaseRunner] Assertion [Not Contains] has status UNKNOWN
13:22:33,798 INFO  [SoapUITestCaseRunner] Assertion [Valid HTTP Status Codes] has status VALID
13:22:33,798 INFO  [SoapUITestCaseRunner] running step [PostProject NP - Request 1]
13:22:33,799 DEBUG [HttpClientSupport$SoapUIHttpClient] Stale connection check
13:22:33,810 DEBUG [HttpClientSupport$SoapUIHttpClient] Attempt 1 to execute request
13:22:33,810 DEBUG [SoapUIMultiThreadedHttpConnectionManager$SoapUIDefaultClientConnection] Sending request: POST /libreplan/ws/rest/orderelements/ HTTP/1.1
13:22:33,854 DEBUG [SoapUIMultiThreadedHttpConnectionManager$SoapUIDefaultClientConnection] Receiving response: HTTP/1.1 200 OK
13:22:33,854 DEBUG [HttpClientSupport$SoapUIHttpClient] Connection can be kept alive indefinitely
13:22:33,856 INFO  [SoapUITestCaseRunner] Assertion [Contains] has status UNKNOWN
13:22:33,856 INFO  [SoapUITestCaseRunner] Assertion [Valid HTTP Status Codes] has status VALID
13:22:33,856 INFO  [SoapUITestCaseRunner] Assertion [Contains 1] has status VALID
13:22:33,856 INFO  [SoapUITestCaseRunner] running step [GetAllProject - Request 1]
13:22:33,857 DEBUG [HttpClientSupport$SoapUIHttpClient] Stale connection check
13:22:33,870 DEBUG [HttpClientSupport$SoapUIHttpClient] Attempt 1 to execute request
13:22:33,870 DEBUG [SoapUIMultiThreadedHttpConnectionManager$SoapUIDefaultClientConnection] Sending request: GET /libreplan/ws/rest/orderelements/ HTTP/1.1
13:22:33,892 DEBUG [SoapUIMultiThreadedHttpConnectionManager$SoapUIDefaultClientConnection] Receiving response: HTTP/1.1 200 OK
13:22:33,892 DEBUG [HttpClientSupport$SoapUIHttpClient] Connection can be kept alive indefinitely
13:22:33,894 INFO  [SoapUITestCaseRunner] Assertion [Contains] has status VALID
13:22:33,894 INFO  [SoapUITestCaseRunner] running step [GetAProject - Request 1]
13:22:33,895 DEBUG [HttpClientSupport$SoapUIHttpClient] Stale connection check
13:22:33,901 DEBUG [HttpClientSupport$SoapUIHttpClient] Attempt 1 to execute request
13:22:33,901 DEBUG [SoapUIMultiThreadedHttpConnectionManager$SoapUIDefaultClientConnection] Sending request: GET /libreplan/ws/rest/orderelements/ORDER0009 HTTP/1.1
13:22:33,926 DEBUG [SoapUIMultiThreadedHttpConnectionManager$SoapUIDefaultClientConnection] Receiving response: HTTP/1.1 200 OK
13:22:33,926 DEBUG [HttpClientSupport$SoapUIHttpClient] Connection can be kept alive indefinitely
13:22:33,927 INFO  [SoapUITestCaseRunner] Assertion [Contains] has status VALID
13:22:33,927 INFO  [SoapUITestCaseRunner] running step [DeleteProject - Request 1]
13:22:33,928 DEBUG [HttpClientSupport$SoapUIHttpClient] Stale connection check
13:22:33,932 DEBUG [HttpClientSupport$SoapUIHttpClient] Attempt 1 to execute request
13:22:33,932 DEBUG [SoapUIMultiThreadedHttpConnectionManager$SoapUIDefaultClientConnection] Sending request: DELETE /libreplan/ws/rest/orderelements/ORDER0009 HTTP/1.1
13:22:33,967 DEBUG [SoapUIMultiThreadedHttpConnectionManager$SoapUIDefaultClientConnection] Receiving response: HTTP/1.1 200 OK
13:22:33,967 DEBUG [HttpClientSupport$SoapUIHttpClient] Connection can be kept alive indefinitely
13:22:33,968 INFO  [SoapUITestCaseRunner] Assertion [Valid HTTP Status Codes] has status VALID
13:22:33,968 INFO  [SoapUITestCaseRunner] running step [Copy of GetAllProject - Request 1]
13:22:33,969 DEBUG [HttpClientSupport$SoapUIHttpClient] Stale connection check
13:22:33,979 DEBUG [HttpClientSupport$SoapUIHttpClient] Attempt 1 to execute request
13:22:33,979 DEBUG [SoapUIMultiThreadedHttpConnectionManager$SoapUIDefaultClientConnection] Sending request: GET /libreplan/ws/rest/orderelements/ HTTP/1.1
13:22:33,987 DEBUG [SoapUIMultiThreadedHttpConnectionManager$SoapUIDefaultClientConnection] Receiving response: HTTP/1.1 200 OK
13:22:33,987 DEBUG [HttpClientSupport$SoapUIHttpClient] Connection can be kept alive indefinitely
13:22:33,989 INFO  [SoapUITestCaseRunner] Assertion [Contains] has status FAILED
13:22:33,989 ERROR [SoapUITestCaseRunner] ASSERTION FAILED -> Missing token [<order calendar-name="Default" dependencies-constraints-have-priority="false" init-date="2021-12-08" name="Mon gros projet" code="ORDER0009">
      <labels/>
      <material-assignments/>
      <advance-measurements/>
      <criterion-requirements/>
      <children/>
   </order>
] in Response
13:22:33,989 ERROR [SoapUITestCaseRunner] Copy of GetAllProject - Request 1 failed, exporting to [C:\Users\formation\Documents\Projet_Libreplan_Logicaldoc\libreplan\TestSuite_1-TestCase_Project-Copy_of_GetAllProject__Request_1-0-FAILED.txt]
13:22:33,992 INFO  [SoapUITestCaseRunner] running step [GetAProject NP - Request 1]
13:22:33,993 DEBUG [HttpClientSupport$SoapUIHttpClient] Stale connection check
13:22:33,994 DEBUG [HttpClientSupport$SoapUIHttpClient] Attempt 1 to execute request
13:22:33,994 DEBUG [SoapUIMultiThreadedHttpConnectionManager$SoapUIDefaultClientConnection] Sending request: GET /libreplan/ws/rest/orderelements/ORDER0009 HTTP/1.1
13:22:34,003 DEBUG [SoapUIMultiThreadedHttpConnectionManager$SoapUIDefaultClientConnection] Receiving response: HTTP/1.1 404 Introuvable
13:22:34,003 DEBUG [HttpClientSupport$SoapUIHttpClient] Connection can be kept alive indefinitely
13:22:34,004 INFO  [SoapUITestCaseRunner] Assertion [Not Contains] has status UNKNOWN
13:22:34,004 INFO  [SoapUITestCaseRunner] Assertion [Contains] has status FAILED
13:22:34,004 ERROR [SoapUITestCaseRunner] ASSERTION FAILED -> null/empty response
13:22:34,004 ERROR [SoapUITestCaseRunner] GetAProject NP - Request 1 failed, exporting to [C:\Users\formation\Documents\Projet_Libreplan_Logicaldoc\libreplan\TestSuite_1-TestCase_Project-GetAProject_NP__Request_1-0-FAILED.txt]
13:22:34,005 INFO  [SoapUITestCaseRunner] Finished running SoapUI testcase [TestCase Project], time taken: 233ms, status: FAILED
13:22:34,006 INFO  [SoapUITestCaseRunner] Running SoapUI testcase [TestCase Calendar]
13:22:34,006 INFO  [SoapUITestCaseRunner] running step [Get all calendars (2)]
13:22:34,007 DEBUG [HttpClientSupport$SoapUIHttpClient] Stale connection check
13:22:34,010 DEBUG [HttpClientSupport$SoapUIHttpClient] Attempt 1 to execute request
13:22:34,010 DEBUG [SoapUIMultiThreadedHttpConnectionManager$SoapUIDefaultClientConnection] Sending request: GET /libreplan/ws/rest/calendars/ HTTP/1.1
13:22:34,027 DEBUG [SoapUIMultiThreadedHttpConnectionManager$SoapUIDefaultClientConnection] Receiving response: HTTP/1.1 200 OK
13:22:34,028 DEBUG [HttpClientSupport$SoapUIHttpClient] Connection can be kept alive indefinitely
13:22:34,030 INFO  [SoapUITestCaseRunner] Assertion [Contains calendrier 2] has status VALID
13:22:34,030 INFO  [SoapUITestCaseRunner] Assertion [Contains calendrier 1] has status VALID
13:22:34,030 INFO  [SoapUITestCaseRunner] running step [Calendar non passant]
13:22:34,031 DEBUG [HttpClientSupport$SoapUIHttpClient] Stale connection check
13:22:34,041 DEBUG [HttpClientSupport$SoapUIHttpClient] Attempt 1 to execute request
13:22:34,041 DEBUG [SoapUIMultiThreadedHttpConnectionManager$SoapUIDefaultClientConnection] Sending request: GET /libreplan/ws/rest/calendars/000000 HTTP/1.1
13:22:34,053 DEBUG [SoapUIMultiThreadedHttpConnectionManager$SoapUIDefaultClientConnection] Receiving response: HTTP/1.1 404 Introuvable
13:22:34,054 DEBUG [HttpClientSupport$SoapUIHttpClient] Connection can be kept alive indefinitely
13:22:34,054 INFO  [SoapUITestCaseRunner] Assertion [Contains] has status FAILED
13:22:34,054 ERROR [SoapUITestCaseRunner] ASSERTION FAILED -> null/empty response
13:22:34,054 ERROR [SoapUITestCaseRunner] Calendar non passant failed, exporting to [C:\Users\formation\Documents\Projet_Libreplan_Logicaldoc\libreplan\TestSuite_2-TestCase_Calendar-Calendar_non_passant-0-FAILED.txt]
13:22:34,055 INFO  [SoapUITestCaseRunner] running step [Get 1 Calendars]
13:22:34,056 DEBUG [HttpClientSupport$SoapUIHttpClient] Stale connection check
13:22:34,072 DEBUG [HttpClientSupport$SoapUIHttpClient] Attempt 1 to execute request
13:22:34,072 DEBUG [SoapUIMultiThreadedHttpConnectionManager$SoapUIDefaultClientConnection] Sending request: GET /libreplan/ws/rest/calendars/CALENDAR0001 HTTP/1.1
13:22:34,086 DEBUG [SoapUIMultiThreadedHttpConnectionManager$SoapUIDefaultClientConnection] Receiving response: HTTP/1.1 200 OK
13:22:34,086 DEBUG [HttpClientSupport$SoapUIHttpClient] Connection can be kept alive indefinitely
13:22:34,088 INFO  [SoapUITestCaseRunner] Assertion [Contains] has status VALID
13:22:34,088 INFO  [SoapUITestCaseRunner] Finished running SoapUI testcase [TestCase Calendar], time taken: 72ms, status: FAILED
13:22:34,088 INFO  [SoapUITestCaseRunner] Project [Libreplan Global] finished with status [FAILED] in 340ms
]]></system-out>
    <system-err><![CDATA[java.lang.Exception: Contains in [Copy of GetAllProject - Request 1] failed;
[Missing token [<order calendar-name="Default" dependencies-constraints-have-priority="false" init-date="2021-12-08" name="Mon gros projet" code="ORDER0009">
      <labels/>
      <material-assignments/>
      <advance-measurements/>
      <criterion-requirements/>
      <children/>
   </order>
] in Response]
Status: FAILED
Time Taken: 19
Size: 105
Timestamp: Fri Dec 10 13:22:33 CET 2021
TestStep: Copy of GetAllProject - Request 1

----------------- Messages ------------------------------
[Contains] Missing token [<order calendar-name="Default" dependencies-constraints-have-priority="false" init-date="2021-12-08" name="Mon gros projet" code="ORDER0009">
      <labels/>
      <material-assignments/>
      <advance-measurements/>
      <criterion-requirements/>
      <children/>
   </order>
] in Response

----------------- Properties ------------------------------
HTTP Version: HTTP/1.1
Endpoint: http://localhost:8090
Username: wsreader
Method: GET
Domain: http://localhost:8090
StatusCode: 200
URL: http://localhost:8090/libreplan/ws/rest/orderelements/
Password: wsreader

---------------- Request ---------------------------
Authorization: [Basic d3NyZWFkZXI6d3NyZWFkZXI=]
Connection: [Keep-Alive]
User-Agent: [Apache-HttpClient/4.1.1 (java 1.5)]
Host: [localhost:8090]
Accept-Encoding: [gzip,deflate]

GET http://localhost:8090/libreplan/ws/rest/orderelements/ HTTP/1.1
Accept-Encoding: gzip,deflate
Authorization: Basic d3NyZWFkZXI6d3NyZWFkZXI=
Host: localhost:8090
Connection: Keep-Alive
User-Agent: Apache-HttpClient/4.1.1 (java 1.5)


---------------- Response --------------------------
Server: [Apache-Coyote/1.1]
#status#: [HTTP/1.1 200 OK]
Content-Length: [105]
Date: [Fri, 10 Dec 2021 12:22:33 GMT]
Content-Type: [application/xml]

<order-list xmlns="http://rest.ws.libreplan.org"/>
Contains in [GetAProject NP - Request 1] failed;
[null/empty response]
Status: FAILED
Time Taken: 10
Size: 0
Timestamp: Fri Dec 10 13:22:33 CET 2021
TestStep: GetAProject NP - Request 1

----------------- Messages ------------------------------
[Contains] null/empty response

----------------- Properties ------------------------------
HTTP Version: HTTP/1.1
Endpoint: http://localhost:8090
Username: wsreader
Method: GET
Domain: http://localhost:8090
StatusCode: 404
URL: http://localhost:8090/libreplan/ws/rest/orderelements/ORDER0009
Password: wsreader

---------------- Request ---------------------------
Authorization: [Basic d3NyZWFkZXI6d3NyZWFkZXI=]
Connection: [Keep-Alive]
User-Agent: [Apache-HttpClient/4.1.1 (java 1.5)]
Host: [localhost:8090]
Accept-Encoding: [gzip,deflate]

GET http://localhost:8090/libreplan/ws/rest/orderelements/ORDER0009 HTTP/1.1
Accept-Encoding: gzip,deflate
Authorization: Basic d3NyZWFkZXI6d3NyZWFkZXI=
Host: localhost:8090
Connection: Keep-Alive
User-Agent: Apache-HttpClient/4.1.1 (java 1.5)


---------------- Response --------------------------
Server: [Apache-Coyote/1.1]
#status#: [HTTP/1.1 404 Introuvable]
Content-Length: [0]
Date: [Fri, 10 Dec 2021 12:22:34 GMT]
Content-Type: [text/xml]
Contains in [Calendar non passant] failed;
[null/empty response]
Status: FAILED
Time Taken: 22
Size: 0
Timestamp: Fri Dec 10 13:22:34 CET 2021
TestStep: Calendar non passant

----------------- Messages ------------------------------
[Contains] null/empty response

----------------- Properties ------------------------------
HTTP Version: HTTP/1.1
Endpoint: http://localhost:8090
Username: wsreader
Method: GET
Domain: http://localhost:8090
StatusCode: 404
URL: http://localhost:8090/libreplan/ws/rest/calendars/000000
Password: wsreader

---------------- Request ---------------------------
Authorization: [Basic d3NyZWFkZXI6d3NyZWFkZXI=]
Connection: [Keep-Alive]
User-Agent: [Apache-HttpClient/4.1.1 (java 1.5)]
Host: [localhost:8090]
Accept-Encoding: [gzip,deflate]

GET http://localhost:8090/libreplan/ws/rest/calendars/000000 HTTP/1.1
Accept-Encoding: gzip,deflate
Authorization: Basic d3NyZWFkZXI6d3NyZWFkZXI=
Host: localhost:8090
Connection: Keep-Alive
User-Agent: Apache-HttpClient/4.1.1 (java 1.5)


---------------- Response --------------------------
Server: [Apache-Coyote/1.1]
#status#: [HTTP/1.1 404 Introuvable]
Content-Length: [0]
Date: [Fri, 10 Dec 2021 12:22:34 GMT]
Content-Type: [text/xml]

	at com.eviware.soapui.tools.SoapUITestCaseRunner.throwFailureException(SoapUITestCaseRunner.java:519)
	at com.eviware.soapui.tools.SoapUITestCaseRunner.runRunner(SoapUITestCaseRunner.java:435)
	at com.eviware.soapui.tools.AbstractSoapUIRunner.run(AbstractSoapUIRunner.java:202)
	at eql.libreplan.LibreplanTest.test2(LibreplanTest.java:31)
	at sun.reflect.NativeMethodAccessorImpl.invoke0(Native Method)
	at sun.reflect.NativeMethodAccessorImpl.invoke(NativeMethodAccessorImpl.java:62)
	at sun.reflect.DelegatingMethodAccessorImpl.invoke(DelegatingMethodAccessorImpl.java:43)
	at java.lang.reflect.Method.invoke(Method.java:498)
	at org.junit.runners.model.FrameworkMethod$1.runReflectiveCall(FrameworkMethod.java:59)
	at org.junit.internal.runners.model.ReflectiveCallable.run(ReflectiveCallable.java:12)
	at org.junit.runners.model.FrameworkMethod.invokeExplosively(FrameworkMethod.java:56)
	at org.junit.internal.runners.statements.InvokeMethod.evaluate(InvokeMethod.java:17)
	at org.junit.runners.ParentRunner$3.evaluate(ParentRunner.java:306)
	at org.junit.runners.BlockJUnit4ClassRunner$1.evaluate(BlockJUnit4ClassRunner.java:100)
	at org.junit.runners.ParentRunner.runLeaf(ParentRunner.java:366)
	at org.junit.runners.BlockJUnit4ClassRunner.runChild(BlockJUnit4ClassRunner.java:103)
	at org.junit.runners.BlockJUnit4ClassRunner.runChild(BlockJUnit4ClassRunner.java:63)
	at org.junit.runners.ParentRunner$4.run(ParentRunner.java:331)
	at org.junit.runners.ParentRunner$1.schedule(ParentRunner.java:79)
	at org.junit.runners.ParentRunner.runChildren(ParentRunner.java:329)
	at org.junit.runners.ParentRunner.access$100(ParentRunner.java:66)
	at org.junit.runners.ParentRunner$2.evaluate(ParentRunner.java:293)
	at org.junit.runners.ParentRunner$3.evaluate(ParentRunner.java:306)
	at org.junit.runners.ParentRunner.run(ParentRunner.java:413)
	at org.junit.runners.Suite.runChild(Suite.java:128)
	at org.junit.runners.Suite.runChild(Suite.java:27)
	at org.junit.runners.ParentRunner$4.run(ParentRunner.java:331)
	at org.junit.runners.ParentRunner$1.schedule(ParentRunner.java:79)
	at org.junit.runners.ParentRunner.runChildren(ParentRunner.java:329)
	at org.junit.runners.ParentRunner.access$100(ParentRunner.java:66)
	at org.junit.runners.ParentRunner$2.evaluate(ParentRunner.java:293)
	at org.junit.runners.ParentRunner$3.evaluate(ParentRunner.java:306)
	at org.junit.runners.ParentRunner.run(ParentRunner.java:413)
	at org.apache.maven.surefire.junitcore.JUnitCore.run(JUnitCore.java:55)
	at org.apache.maven.surefire.junitcore.JUnitCoreWrapper.createRequestAndRun(JUnitCoreWrapper.java:137)
	at org.apache.maven.surefire.junitcore.JUnitCoreWrapper.executeEager(JUnitCoreWrapper.java:107)
	at org.apache.maven.surefire.junitcore.JUnitCoreWrapper.execute(JUnitCoreWrapper.java:83)
	at org.apache.maven.surefire.junitcore.JUnitCoreWrapper.execute(JUnitCoreWrapper.java:75)
	at org.apache.maven.surefire.junitcore.JUnitCoreProvider.invoke(JUnitCoreProvider.java:157)
	at org.apache.maven.surefire.booter.ForkedBooter.runSuitesInProcess(ForkedBooter.java:428)
	at org.apache.maven.surefire.booter.ForkedBooter.execute(ForkedBooter.java:162)
	at org.apache.maven.surefire.booter.ForkedBooter.run(ForkedBooter.java:562)
	at org.apache.maven.surefire.booter.ForkedBooter.main(ForkedBooter.java:548)
]]></system-err>
  </testcase>
</testsuite>